<?xml version="1.0" encoding="UTF-8"?>
<!-- Generated by org.testng.reporters.JUnitXMLReporter -->
<testsuite hostname="Arun-PC" name="Test" tests="2" failures="1" timestamp="18 Dec 2016 11:20:38 GMT" time="53.772" errors="0">
  <testcase name="verifySucessLogin" time="6.367" classname="com.Scripts.ValidLoginScripts"/>
  <testcase name="verifyFailedLogin" time="6.995" classname="com.Scripts.InvalidLoginScripts">
    <failure type="java.lang.AssertionError" message="The following asserts failed:
	null">
      <![CDATA[java.lang.AssertionError: The following asserts failed:
	null
	at com.Pages.InvalidLoginPage.verifyFailedlogin(InvalidLoginPage.java:72)
	at com.Scripts.InvalidLoginScripts.verifyFailedLogin(InvalidLoginScripts.java:17)
... Removed 26 stack frames]]>
    </failure>
  </testcase> <!-- verifyFailedLogin -->
</testsuite> <!-- Test -->
