<?xml version="1.0" encoding="UTF-8"?>
<testng-results skipped="0" failed="1" total="2" passed="1">
  <reporter-output>
    <line>
      <![CDATA[Firefox :Browser Opened]]>
    </line>
    <line>
      <![CDATA[Expected Url opened :https://www.github.com]]>
    </line>
    <line>
      <![CDATA[ValidLoginScript Execution started......]]>
    </line>
    <line>
      <![CDATA[Entered Username : arunain23]]>
    </line>
    <line>
      <![CDATA[Entered Username : arun12345]]>
    </line>
    <line>
      <![CDATA[Clicked on signIn Button]]>
    </line>
    <line>
      <![CDATA[Trying to get Title of the Page.........]]>
    </line>
    <line>
      <![CDATA[Page Title is : GitHub]]>
    </line>
    <line>
      <![CDATA[Veryfying Login Action  .........]]>
    </line>
    <line>
      <![CDATA[Sucessfully Logged In GitHub]]>
    </line>
    <line>
      <![CDATA[ValidLoginScript Execution Ended.....]]>
    </line>
    <line>
      <![CDATA[Firefox :Browser closed]]>
    </line>
    <line>
      <![CDATA[Firefox :Browser Opened]]>
    </line>
    <line>
      <![CDATA[Expected Url opened :https://www.github.com]]>
    </line>
    <line>
      <![CDATA[InvalidLoginScript Execution started...]]>
    </line>
    <line>
      <![CDATA[Entered Username : arunain23]]>
    </line>
    <line>
      <![CDATA[Entered Username : arun1234]]>
    </line>
    <line>
      <![CDATA[Clicked on signIn Button]]>
    </line>
    <line>
      <![CDATA[Trying to get Title of the Page.........]]>
    </line>
    <line>
      <![CDATA[Page Title is : Sign in to GitHub · GitHub]]>
    </line>
    <line>
      <![CDATA[Veryfying Login Action  .........]]>
    </line>
    <line>
      <![CDATA[Github login was unsuccessful]]>
    </line>
    <line>
      <![CDATA[Firefox :Browser closed]]>
    </line>
  </reporter-output>
  <suite name="Suite" duration-ms="53772" started-at="2016-12-18T11:19:44Z" finished-at="2016-12-18T11:20:38Z">
    <groups>
    </groups>
    <test name="Test" duration-ms="53772" started-at="2016-12-18T11:19:44Z" finished-at="2016-12-18T11:20:38Z">
      <class name="com.Scripts.ValidLoginScripts">
        <test-method status="PASS" signature="precondition()[pri:0, instance:com.Scripts.ValidLoginScripts@5d5eef3d]" name="precondition" is-config="true" duration-ms="18000" started-at="2016-12-18T16:49:44Z" finished-at="2016-12-18T16:50:02Z">
          <reporter-output>
            <line>
              <![CDATA[Firefox :Browser Opened]]>
            </line>
            <line>
              <![CDATA[Expected Url opened :https://www.github.com]]>
            </line>
          </reporter-output>
        </test-method> <!-- precondition -->
        <test-method status="PASS" signature="verifySucessLogin()[pri:0, instance:com.Scripts.ValidLoginScripts@5d5eef3d]" name="verifySucessLogin" duration-ms="6367" started-at="2016-12-18T16:50:02Z" finished-at="2016-12-18T16:50:08Z">
          <reporter-output>
            <line>
              <![CDATA[ValidLoginScript Execution started......]]>
            </line>
            <line>
              <![CDATA[Entered Username : arunain23]]>
            </line>
            <line>
              <![CDATA[Entered Username : arun12345]]>
            </line>
            <line>
              <![CDATA[Clicked on signIn Button]]>
            </line>
            <line>
              <![CDATA[Trying to get Title of the Page.........]]>
            </line>
            <line>
              <![CDATA[Page Title is : GitHub]]>
            </line>
            <line>
              <![CDATA[Veryfying Login Action  .........]]>
            </line>
            <line>
              <![CDATA[Sucessfully Logged In GitHub]]>
            </line>
            <line>
              <![CDATA[ValidLoginScript Execution Ended.....]]>
            </line>
          </reporter-output>
        </test-method> <!-- verifySucessLogin -->
        <test-method status="PASS" signature="postcondition()[pri:0, instance:com.Scripts.ValidLoginScripts@5d5eef3d]" name="postcondition" is-config="true" duration-ms="1343" started-at="2016-12-18T16:50:08Z" finished-at="2016-12-18T16:50:10Z">
          <reporter-output>
            <line>
              <![CDATA[Firefox :Browser closed]]>
            </line>
          </reporter-output>
        </test-method> <!-- postcondition -->
      </class> <!-- com.Scripts.ValidLoginScripts -->
      <class name="com.Scripts.InvalidLoginScripts">
        <test-method status="PASS" signature="precondition()[pri:0, instance:com.Scripts.InvalidLoginScripts@56f4468b]" name="precondition" is-config="true" duration-ms="19751" started-at="2016-12-18T16:50:10Z" finished-at="2016-12-18T16:50:30Z">
          <reporter-output>
            <line>
              <![CDATA[Firefox :Browser Opened]]>
            </line>
            <line>
              <![CDATA[Expected Url opened :https://www.github.com]]>
            </line>
          </reporter-output>
        </test-method> <!-- precondition -->
        <test-method status="FAIL" signature="verifyFailedLogin()[pri:0, instance:com.Scripts.InvalidLoginScripts@56f4468b]" name="verifyFailedLogin" duration-ms="6995" started-at="2016-12-18T16:50:30Z" finished-at="2016-12-18T16:50:37Z">
          <exception class="java.lang.AssertionError">
            <message>
              <![CDATA[The following asserts failed:
	null]]>
            </message>
            <full-stacktrace>
              <![CDATA[java.lang.AssertionError: The following asserts failed:
	null
	at org.testng.asserts.SoftAssert.assertAll(SoftAssert.java:43)
	at com.Pages.InvalidLoginPage.verifyFailedlogin(InvalidLoginPage.java:72)
	at com.Scripts.InvalidLoginScripts.verifyFailedLogin(InvalidLoginScripts.java:17)
	at sun.reflect.NativeMethodAccessorImpl.invoke0(Native Method)
	at sun.reflect.NativeMethodAccessorImpl.invoke(NativeMethodAccessorImpl.java:62)
	at sun.reflect.DelegatingMethodAccessorImpl.invoke(DelegatingMethodAccessorImpl.java:43)
	at java.lang.reflect.Method.invoke(Method.java:498)
	at org.testng.internal.MethodInvocationHelper.invokeMethod(MethodInvocationHelper.java:100)
	at org.testng.internal.Invoker.invokeMethod(Invoker.java:646)
	at org.testng.internal.Invoker.invokeTestMethod(Invoker.java:811)
	at org.testng.internal.Invoker.invokeTestMethods(Invoker.java:1137)
	at org.testng.internal.TestMethodWorker.invokeTestMethods(TestMethodWorker.java:129)
	at org.testng.internal.TestMethodWorker.run(TestMethodWorker.java:112)
	at org.testng.TestRunner.privateRun(TestRunner.java:753)
	at org.testng.TestRunner.run(TestRunner.java:607)
	at org.testng.SuiteRunner.runTest(SuiteRunner.java:368)
	at org.testng.SuiteRunner.runSequentially(SuiteRunner.java:363)
	at org.testng.SuiteRunner.privateRun(SuiteRunner.java:321)
	at org.testng.SuiteRunner.run(SuiteRunner.java:270)
	at org.testng.SuiteRunnerWorker.runSuite(SuiteRunnerWorker.java:52)
	at org.testng.SuiteRunnerWorker.run(SuiteRunnerWorker.java:86)
	at org.testng.TestNG.runSuitesSequentially(TestNG.java:1284)
	at org.testng.TestNG.runSuitesLocally(TestNG.java:1209)
	at org.testng.TestNG.runSuites(TestNG.java:1124)
	at org.testng.TestNG.run(TestNG.java:1096)
	at org.testng.remote.AbstractRemoteTestNG.run(AbstractRemoteTestNG.java:126)
	at org.testng.remote.RemoteTestNG.initAndRun(RemoteTestNG.java:152)
	at org.testng.remote.RemoteTestNG.main(RemoteTestNG.java:57)
]]>
            </full-stacktrace>
          </exception> <!-- java.lang.AssertionError -->
          <reporter-output>
            <line>
              <![CDATA[InvalidLoginScript Execution started...]]>
            </line>
            <line>
              <![CDATA[Entered Username : arunain23]]>
            </line>
            <line>
              <![CDATA[Entered Username : arun1234]]>
            </line>
            <line>
              <![CDATA[Clicked on signIn Button]]>
            </line>
            <line>
              <![CDATA[Trying to get Title of the Page.........]]>
            </line>
            <line>
              <![CDATA[Page Title is : Sign in to GitHub · GitHub]]>
            </line>
            <line>
              <![CDATA[Veryfying Login Action  .........]]>
            </line>
            <line>
              <![CDATA[Github login was unsuccessful]]>
            </line>
          </reporter-output>
        </test-method> <!-- verifyFailedLogin -->
        <test-method status="PASS" signature="postcondition()[pri:0, instance:com.Scripts.InvalidLoginScripts@56f4468b]" name="postcondition" is-config="true" duration-ms="1242" started-at="2016-12-18T16:50:37Z" finished-at="2016-12-18T16:50:38Z">
          <reporter-output>
            <line>
              <![CDATA[Firefox :Browser closed]]>
            </line>
          </reporter-output>
        </test-method> <!-- postcondition -->
      </class> <!-- com.Scripts.InvalidLoginScripts -->
    </test> <!-- Test -->
  </suite> <!-- Suite -->
</testng-results>
